2018-11-20 03:00:49 INFO  BooksView:22 - print message: 1 - English
2 - Ukrainian
3 - Russian
2018-11-20 03:00:49 INFO  BooksView:22 - print message: Enter a positive number:
2018-11-20 03:00:53 DEBUG InputUtility:78 - Result is 3
2018-11-20 03:00:53 INFO  Controller:129 -  Language selected: Russian
2018-11-20 03:00:53 WARN  Controller:41 -  Books are set by default.
2018-11-20 03:00:53 INFO  BooksView:22 - print message: массив исходных книг - нажмите 1 
Все книги определенного автора - нажмите 2 
Все книги определенного издателя - нажмите 3 
Книги, опубликованные через определенный год, - нажмите 4 
Создайте книги издателями - нажмите 5 
Читать из файла (.txt) и установите для модели - нажмите 6 
Примите из файла (.json) и установите в модель - нажмите 7 
Написать в файл (.ser) - нажмите 8 
Написать в файл (.txt) - нажмите 9 
Выберите - нажмите 0 

2018-11-20 03:00:53 INFO  BooksView:22 - print message: Введите положительное число:
2018-11-20 03:00:55 DEBUG InputUtility:78 - Result is 1
2018-11-20 03:00:55 INFO  Controller:47 -  Menu selected: 1. Description: Origin book array
2018-11-20 03:00:55 INFO  BooksView:18 - print books: [Book{name=Title1, author=Shevchenko, publisher=BXV  , year=2010, pages=320, price=450.0  }, Book{name=Title2, author=Shevchenko, publisher=Word , year=2000, pages=120, price=250.0  }, Book{name=Title3, author=Sokolov   , publisher=BXV  , year=1999, pages=820, price=1050.0 }, Book{name=Title4, author=Maslov    , publisher=Piter, year=2016, pages=555, price=620.5  }, Book{name=Title5, author=Sokolov   , publisher=Piter, year=2011, pages=876, price=555.5  }, Book{name=Title6, author=Sokolov   , publisher=BXV  , year=2001, pages=400, price=300.0  }, Book{name=Title7, author=Petrov    , publisher=Zord , year=2018, pages=276, price=155.5  }, Book{name=Title8, author=Shevchenko, publisher=Piter, year=2013, pages=456, price=100.0  }]
2018-11-20 03:00:55 INFO  BooksView:22 - print message: массив исходных книг - нажмите 1 
Все книги определенного автора - нажмите 2 
Все книги определенного издателя - нажмите 3 
Книги, опубликованные через определенный год, - нажмите 4 
Создайте книги издателями - нажмите 5 
Читать из файла (.txt) и установите для модели - нажмите 6 
Примите из файла (.json) и установите в модель - нажмите 7 
Написать в файл (.ser) - нажмите 8 
Написать в файл (.txt) - нажмите 9 
Выберите - нажмите 0 

2018-11-20 03:00:55 INFO  BooksView:22 - print message: Введите положительное число:
2018-11-20 03:01:00 DEBUG InputUtility:78 - Result is 4
2018-11-20 03:01:00 INFO  Controller:63 -  Menu selected: 4. Description: Books published after a certain year
2018-11-20 03:01:00 INFO  BooksView:22 - print message: Введите год:
2018-11-20 03:01:00 INFO  BooksView:22 - print message: Введите положительное число:
2018-11-20 03:01:05 DEBUG InputUtility:78 - Result is 2002
2018-11-20 03:01:05 INFO  BooksView:18 - print books: [Book{name=Title1, author=Shevchenko, publisher=BXV  , year=2010, pages=320, price=450.0  }, Book{name=Title4, author=Maslov    , publisher=Piter, year=2016, pages=555, price=620.5  }, Book{name=Title5, author=Sokolov   , publisher=Piter, year=2011, pages=876, price=555.5  }, Book{name=Title7, author=Petrov    , publisher=Zord , year=2018, pages=276, price=155.5  }, Book{name=Title8, author=Shevchenko, publisher=Piter, year=2013, pages=456, price=100.0  }]
2018-11-20 03:01:05 INFO  BooksView:22 - print message: массив исходных книг - нажмите 1 
Все книги определенного автора - нажмите 2 
Все книги определенного издателя - нажмите 3 
Книги, опубликованные через определенный год, - нажмите 4 
Создайте книги издателями - нажмите 5 
Читать из файла (.txt) и установите для модели - нажмите 6 
Примите из файла (.json) и установите в модель - нажмите 7 
Написать в файл (.ser) - нажмите 8 
Написать в файл (.txt) - нажмите 9 
Выберите - нажмите 0 

2018-11-20 03:01:05 INFO  BooksView:22 - print message: Введите положительное число:
2018-11-20 03:01:29 DEBUG InputUtility:78 - Result is 1
2018-11-20 03:01:29 INFO  Controller:47 -  Menu selected: 1. Description: Origin book array
2018-11-20 03:01:29 INFO  BooksView:18 - print books: [Book{name=Title1, author=Shevchenko, publisher=BXV  , year=2010, pages=320, price=450.0  }, Book{name=Title2, author=Shevchenko, publisher=Word , year=2000, pages=120, price=250.0  }, Book{name=Title3, author=Sokolov   , publisher=BXV  , year=1999, pages=820, price=1050.0 }, Book{name=Title4, author=Maslov    , publisher=Piter, year=2016, pages=555, price=620.5  }, Book{name=Title5, author=Sokolov   , publisher=Piter, year=2011, pages=876, price=555.5  }, Book{name=Title6, author=Sokolov   , publisher=BXV  , year=2001, pages=400, price=300.0  }, Book{name=Title7, author=Petrov    , publisher=Zord , year=2018, pages=276, price=155.5  }, Book{name=Title8, author=Shevchenko, publisher=Piter, year=2013, pages=456, price=100.0  }]
2018-11-20 03:01:29 INFO  BooksView:22 - print message: массив исходных книг - нажмите 1 
Все книги определенного автора - нажмите 2 
Все книги определенного издателя - нажмите 3 
Книги, опубликованные через определенный год, - нажмите 4 
Создайте книги издателями - нажмите 5 
Читать из файла (.txt) и установите для модели - нажмите 6 
Примите из файла (.json) и установите в модель - нажмите 7 
Написать в файл (.ser) - нажмите 8 
Написать в файл (.txt) - нажмите 9 
Выберите - нажмите 0 

2018-11-20 03:01:29 INFO  BooksView:22 - print message: Введите положительное число:
2018-11-20 03:01:32 DEBUG InputUtility:78 - Result is 2
2018-11-20 03:01:32 INFO  Controller:51 -  Menu selected: 2. Description: All the books of a certain author
2018-11-20 03:01:32 INFO  BooksView:22 - print message: Введите имя автора:
2018-11-20 03:01:35 INFO  InputUtility:57 - Result is Petrov
2018-11-20 03:01:35 INFO  BooksView:18 - print books: [Book{name=Title7, author=Petrov    , publisher=Zord , year=2018, pages=276, price=155.5  }]
2018-11-20 03:01:35 INFO  BooksView:22 - print message: массив исходных книг - нажмите 1 
Все книги определенного автора - нажмите 2 
Все книги определенного издателя - нажмите 3 
Книги, опубликованные через определенный год, - нажмите 4 
Создайте книги издателями - нажмите 5 
Читать из файла (.txt) и установите для модели - нажмите 6 
Примите из файла (.json) и установите в модель - нажмите 7 
Написать в файл (.ser) - нажмите 8 
Написать в файл (.txt) - нажмите 9 
Выберите - нажмите 0 

2018-11-20 03:01:35 INFO  BooksView:22 - print message: Введите положительное число:
